--------------------------------------------------------------------------------
Profile data file 'build/memcheck/callgrind.log' (creator: callgrind-3.23.0)
--------------------------------------------------------------------------------
I1 cache: 
D1 cache: 
LL cache: 
Timerange: Basic block 0 - 40742547
Trigger: Program termination
Profiled target:  ./build/bin/test_mst_project (PID 567551, part 1)
Events recorded:  Ir
Events shown:     Ir
Event sort order: Ir
Thresholds:       99
Include dirs:     
User annotated:   
Auto-annotation:  on

--------------------------------------------------------------------------------
Ir                   
--------------------------------------------------------------------------------
273,697,430 (100.0%)  PROGRAM TOTALS

--------------------------------------------------------------------------------
Ir                   file:function
--------------------------------------------------------------------------------
75,026,812 (27.41%)  ???:std::vector<std::vector<int, std::allocator<int> >, std::allocator<std::vector<int, std::allocator<int> > > >::operator[](unsigned long) [/home/sibo/Desktop/Year_2_B/Maharahot_hafhala/need_to_do/mst_project/build/bin/test_mst_project]
58,953,576 (21.54%)  ???:std::vector<int, std::allocator<int> >::operator[](unsigned long) [/home/sibo/Desktop/Year_2_B/Maharahot_hafhala/need_to_do/mst_project/build/bin/test_mst_project]
48,010,762 (17.54%)  ???:MSTAnalysis::findLongestDistance(std::vector<std::pair<int, std::pair<int, int> >, std::allocator<std::pair<int, std::pair<int, int> > > > const&) [/home/sibo/Desktop/Year_2_B/Maharahot_hafhala/need_to_do/mst_project/build/bin/test_mst_project]
47,990,378 (17.53%)  ???:MSTAnalysis::calculateAverageDistance(std::vector<std::pair<int, std::pair<int, int> >, std::allocator<std::pair<int, std::pair<int, int> > > > const&) [/home/sibo/Desktop/Year_2_B/Maharahot_hafhala/need_to_do/mst_project/build/bin/test_mst_project]
15,666,165 ( 5.72%)  ???:std::numeric_limits<int>::max() [/home/sibo/Desktop/Year_2_B/Maharahot_hafhala/need_to_do/mst_project/build/bin/test_mst_project]
11,197,080 ( 4.09%)  ???:Proactor::workerThread() [/home/sibo/Desktop/Year_2_B/Maharahot_hafhala/need_to_do/mst_project/build/bin/test_mst_project]
 7,096,301 ( 2.59%)  /usr/src/debug/glibc/glibc/misc/../sysdeps/unix/sysv/linux/select.c:select [/usr/lib/libc.so.6]
 1,265,744 ( 0.46%)  /usr/src/debug/glibc/glibc/nptl/cancellation.c:__pthread_enable_asynccancel [/usr/lib/libc.so.6]
 1,224,200 ( 0.45%)  /usr/src/debug/glibc/glibc/elf/dl-lookup.c:do_lookup_x [/usr/lib/ld-linux-x86-64.so.2]
 1,186,590 ( 0.43%)  /usr/src/debug/glibc/glibc/nptl/cancellation.c:__pthread_disable_asynccancel [/usr/lib/libc.so.6]
   967,426 ( 0.35%)  /usr/src/debug/glibc/glibc/elf/../sysdeps/generic/dl-new-hash.h:_dl_lookup_symbol_x
   365,648 ( 0.13%)  /usr/src/debug/glibc/glibc/elf/dl-lookup.c:_dl_lookup_symbol_x [/usr/lib/ld-linux-x86-64.so.2]
   267,935 ( 0.10%)  /usr/src/debug/glibc/glibc/elf/dl-reloc.c:_dl_relocate_object [/usr/lib/ld-linux-x86-64.so.2]
   212,274 ( 0.08%)  /usr/src/debug/glibc/glibc/elf/dl-lookup.c:check_match [/usr/lib/ld-linux-x86-64.so.2]
   185,056 ( 0.07%)  /usr/src/debug/glibc/glibc/elf/../sysdeps/x86_64/dl-machine.h:_dl_relocate_object
   162,919 ( 0.06%)  /usr/src/debug/glibc/glibc/elf/do-rel.h:_dl_relocate_object
   161,632 ( 0.06%)  /usr/src/debug/glibc/glibc/string/../sysdeps/x86_64/multiarch/../multiarch/strcmp-sse2.S:strcmp [/usr/lib/ld-linux-x86-64.so.2]
   158,218 ( 0.06%)  /usr/src/debug/glibc/glibc/nptl/../nptl/descr.h:__pthread_enable_asynccancel
   119,910 ( 0.04%)  /usr/src/debug/glibc/glibc/malloc/malloc.c:_int_free [/usr/lib/libc.so.6]
   110,908 ( 0.04%)  /usr/src/debug/glibc/glibc/malloc/malloc.c:_int_malloc [/usr/lib/libc.so.6]
   107,182 ( 0.04%)  /usr/src/debug/gtest/googletest-1.15.2/googletest/src/gtest.cc:__gnu_cxx::__normal_iterator<std::__cxx11::basic_string<char, std::char_traits<char>, std::allocator<char> > const*, std::vector<std::__cxx11::basic_string<char, std::char_traits<char>, std::allocator<char> >, std::allocator<std::__cxx11::basic_string<char, std::char_traits<char>, std::allocator<char> > > > > std::__find_if<__gnu_cxx::__normal_iterator<std::__cxx11::basic_string<char, std::char_traits<char>, std::allocator<char> > const*, std::vector<std::__cxx11::basic_string<char, std::char_traits<char>, std::allocator<char> >, std::allocator<std::__cxx11::basic_string<char, std::char_traits<char>, std::allocator<char> > > > >, __gnu_cxx::__ops::_Iter_pred<testing::internal::(anonymous namespace)::UnitTestFilter::MatchesName(std::__cxx11::basic_string<char, std::char_traits<char>, std::allocator<char> > const&) const::{lambda(std::__cxx11::basic_string<char, std::char_traits<char>, std::allocator<char> > const&)#1}> >(__gnu_cxx::__normal_iterator<std::__cxx11::basic_string<char, std::char_traits<char>, std::allocator<char> > const*, std::vector<std::__cxx11::basic_string<char, std::char_traits<char>, std::allocator<char> >, std::allocator<std::__cxx11::basic_string<char, std::char_traits<char>, std::allocator<char> > > > >, __gnu_cxx::__normal_iterator<std::__cxx11::basic_string<char, std::char_traits<char>, std::allocator<char> > const*, std::vector<std::__cxx11::basic_string<char, std::char_traits<char>, std::allocator<char> >, std::allocator<std::__cxx11::basic_string<char, std::char_traits<char>, std::allocator<char> > > > >, __gnu_cxx::__ops::_Iter_pred<testing::internal::(anonymous namespace)::UnitTestFilter::MatchesName(std::__cxx11::basic_string<char, std::char_traits<char>, std::allocator<char> > const&) const::{lambda(std::__cxx11::basic_string<char, std::char_traits<char>, std::allocator<char> > const&)#1}>, std::random_access_iterator_tag) [clone .isra.0]
    83,438 ( 0.03%)  /usr/src/debug/glibc/glibc/malloc/malloc.c:malloc [/usr/lib/libc.so.6]
    83,079 ( 0.03%)  /usr/src/debug/glibc/glibc/libio/fileops.c:_IO_file_xsputn@@GLIBC_2.2.5 [/usr/lib/libc.so.6]
    66,479 ( 0.02%)  ???:int const& std::max<int>(int const&, int const&) [/home/sibo/Desktop/Year_2_B/Maharahot_hafhala/need_to_do/mst_project/build/bin/test_mst_project]
    62,819 ( 0.02%)  /usr/src/debug/glibc/glibc/stdio-common/vfprintf-internal.c:__printf_buffer [/usr/lib/libc.so.6]
    61,623 ( 0.02%)  /usr/src/debug/glibc/glibc/stdio-common/Xprintf_buffer_write.c:__printf_buffer_write [/usr/lib/libc.so.6]
    59,656 ( 0.02%)  /usr/src/debug/glibc/glibc/malloc/malloc.c:free [/usr/lib/libc.so.6]
    55,447 ( 0.02%)  /usr/src/debug/glibc/glibc/string/../sysdeps/x86_64/multiarch/memmove-vec-unaligned-erms.S:__memcpy_avx_unaligned_erms [/usr/lib/libc.so.6]
    55,079 ( 0.02%)  /usr/src/debug/glibc/glibc/stdio-common/vfprintf-internal.c:__vfprintf_internal [/usr/lib/libc.so.6]

--------------------------------------------------------------------------------
The following files chosen for auto-annotation could not be found:
--------------------------------------------------------------------------------
  /usr/src/debug/glibc/glibc/elf/../sysdeps/generic/dl-new-hash.h
  /usr/src/debug/glibc/glibc/elf/../sysdeps/x86_64/dl-machine.h
  /usr/src/debug/glibc/glibc/elf/dl-lookup.c
  /usr/src/debug/glibc/glibc/elf/dl-reloc.c
  /usr/src/debug/glibc/glibc/elf/do-rel.h
  /usr/src/debug/glibc/glibc/libio/fileops.c
  /usr/src/debug/glibc/glibc/malloc/malloc.c
  /usr/src/debug/glibc/glibc/misc/../sysdeps/unix/sysv/linux/select.c
  /usr/src/debug/glibc/glibc/nptl/../nptl/descr.h
  /usr/src/debug/glibc/glibc/nptl/cancellation.c
  /usr/src/debug/glibc/glibc/stdio-common/Xprintf_buffer_write.c
  /usr/src/debug/glibc/glibc/stdio-common/vfprintf-internal.c
  /usr/src/debug/glibc/glibc/string/../sysdeps/x86_64/multiarch/../multiarch/strcmp-sse2.S
  /usr/src/debug/glibc/glibc/string/../sysdeps/x86_64/multiarch/memmove-vec-unaligned-erms.S
  /usr/src/debug/gtest/googletest-1.15.2/googletest/src/gtest.cc

