==567323== Memcheck, a memory error detector
==567323== Copyright (C) 2002-2024, and GNU GPL'd, by Julian Seward et al.
==567323== Using Valgrind-3.23.0 and LibVEX; rerun with -h for copyright info
==567323== Command: ./build/bin/test_mst_project
==567323== Parent PID: 567319
==567323== 
==567323== Thread 4:
==567323== Invalid read of size 4
==567323==    at 0x14ABD9: Proactor::workerThread() (in /home/sibo/Desktop/Year_2_B/Maharahot_hafhala/need_to_do/mst_project/build/bin/test_mst_project)
==567323==    by 0x14D360: void std::__invoke_impl<void, void (Proactor::*)(), Proactor*>(std::__invoke_memfun_deref, void (Proactor::*&&)(), Proactor*&&) (in /home/sibo/Desktop/Year_2_B/Maharahot_hafhala/need_to_do/mst_project/build/bin/test_mst_project)
==567323==    by 0x14D258: std::__invoke_result<void (Proactor::*)(), Proactor*>::type std::__invoke<void (Proactor::*)(), Proactor*>(void (Proactor::*&&)(), Proactor*&&) (in /home/sibo/Desktop/Year_2_B/Maharahot_hafhala/need_to_do/mst_project/build/bin/test_mst_project)
==567323==    by 0x14D138: void std::thread::_Invoker<std::tuple<void (Proactor::*)(), Proactor*> >::_M_invoke<0ul, 1ul>(std::_Index_tuple<0ul, 1ul>) (in /home/sibo/Desktop/Year_2_B/Maharahot_hafhala/need_to_do/mst_project/build/bin/test_mst_project)
==567323==    by 0x14D0A7: std::thread::_Invoker<std::tuple<void (Proactor::*)(), Proactor*> >::operator()() (in /home/sibo/Desktop/Year_2_B/Maharahot_hafhala/need_to_do/mst_project/build/bin/test_mst_project)
==567323==    by 0x14D06F: std::thread::_State_impl<std::thread::_Invoker<std::tuple<void (Proactor::*)(), Proactor*> > >::_M_run() (in /home/sibo/Desktop/Year_2_B/Maharahot_hafhala/need_to_do/mst_project/build/bin/test_mst_project)
==567323==    by 0x49E0C33: execute_native_thread_routine (thread.cc:104)
==567323==    by 0x4D3839C: start_thread (pthread_create.c:447)
==567323==    by 0x4DBD2A3: clone (clone.S:100)
==567323==  Address 0x4ede1a8 is 200 bytes inside a block of size 248 free'd
==567323==    at 0x48488DD: operator delete(void*, unsigned long) (vg_replace_malloc.c:1181)
==567323==    by 0x16B494: std::default_delete<Proactor>::operator()(Proactor*) const (in /home/sibo/Desktop/Year_2_B/Maharahot_hafhala/need_to_do/mst_project/build/bin/test_mst_project)
==567323==    by 0x16AF15: std::unique_ptr<Proactor, std::default_delete<Proactor> >::~unique_ptr() (in /home/sibo/Desktop/Year_2_B/Maharahot_hafhala/need_to_do/mst_project/build/bin/test_mst_project)
==567323==    by 0x16BDDB: ProactorTest::~ProactorTest() (in /home/sibo/Desktop/Year_2_B/Maharahot_hafhala/need_to_do/mst_project/build/bin/test_mst_project)
==567323==    by 0x16BE3D: ProactorTest_ThreadCleanup_Test::~ProactorTest_ThreadCleanup_Test() (in /home/sibo/Desktop/Year_2_B/Maharahot_hafhala/need_to_do/mst_project/build/bin/test_mst_project)
==567323==    by 0x16BE59: ProactorTest_ThreadCleanup_Test::~ProactorTest_ThreadCleanup_Test() (in /home/sibo/Desktop/Year_2_B/Maharahot_hafhala/need_to_do/mst_project/build/bin/test_mst_project)
==567323==    by 0x48D98E9: UnknownInlinedFun (gtest.cc:2638)
==567323==    by 0x48D98E9: void testing::internal::HandleExceptionsInMethodIfSupported<testing::Test, void>(testing::Test*, void (testing::Test::*)(), char const*) [clone .constprop.0] (gtest.cc:2674)
==567323==    by 0x48C52ED: testing::TestInfo::Run() (gtest.cc:2865)
==567323==    by 0x48C5553: UnknownInlinedFun (gtest.cc:3037)
==567323==    by 0x48C5553: testing::TestSuite::Run() (gtest.cc:2991)
==567323==    by 0x48D1708: testing::internal::UnitTestImpl::RunAllTests() (gtest.cc:5967)
==567323==    by 0x48D1D78: UnknownInlinedFun (gtest.cc:2638)
==567323==    by 0x48D1D78: UnknownInlinedFun (gtest.cc:2674)
==567323==    by 0x48D1D78: testing::UnitTest::Run() (gtest.cc:5546)
==567323==    by 0x48FB069: UnknownInlinedFun (gtest.h:2334)
==567323==    by 0x48FB069: main (gtest_main.cc:64)
==567323==  Block was alloc'd at
==567323==    at 0x4844F93: operator new(unsigned long) (vg_replace_malloc.c:487)
==567323==    by 0x16AE6D: std::__detail::_MakeUniq<Proactor>::__single_object std::make_unique<Proactor>() (in /home/sibo/Desktop/Year_2_B/Maharahot_hafhala/need_to_do/mst_project/build/bin/test_mst_project)
==567323==    by 0x16A9B3: ProactorTest::SetUp() (in /home/sibo/Desktop/Year_2_B/Maharahot_hafhala/need_to_do/mst_project/build/bin/test_mst_project)
==567323==    by 0x48D98E9: UnknownInlinedFun (gtest.cc:2638)
==567323==    by 0x48D98E9: void testing::internal::HandleExceptionsInMethodIfSupported<testing::Test, void>(testing::Test*, void (testing::Test::*)(), char const*) [clone .constprop.0] (gtest.cc:2674)
==567323==    by 0x48C50F2: UnknownInlinedFun (gtest.cc:2708)
==567323==    by 0x48C50F2: testing::Test::Run() (gtest.cc:2703)
==567323==    by 0x48C536E: testing::TestInfo::Run() (gtest.cc:2859)
==567323==    by 0x48C5553: UnknownInlinedFun (gtest.cc:3037)
==567323==    by 0x48C5553: testing::TestSuite::Run() (gtest.cc:2991)
==567323==    by 0x48D1708: testing::internal::UnitTestImpl::RunAllTests() (gtest.cc:5967)
==567323==    by 0x48D1D78: UnknownInlinedFun (gtest.cc:2638)
==567323==    by 0x48D1D78: UnknownInlinedFun (gtest.cc:2674)
==567323==    by 0x48D1D78: testing::UnitTest::Run() (gtest.cc:5546)
==567323==    by 0x48FB069: UnknownInlinedFun (gtest.h:2334)
==567323==    by 0x48FB069: main (gtest_main.cc:64)
==567323== 
==567323== 
==567323== HEAP SUMMARY:
==567323==     in use at exit: 1,032 bytes in 9 blocks
==567323==   total heap usage: 1,761 allocs, 1,752 frees, 327,872 bytes allocated
==567323== 
==567323== Thread 1:
==567323== 8 bytes in 1 blocks are definitely lost in loss record 1 of 6
==567323==    at 0x4844F93: operator new(unsigned long) (vg_replace_malloc.c:487)
==567323==    by 0x14A9F5: Proactor::run(int, std::function<void (int)>) (in /home/sibo/Desktop/Year_2_B/Maharahot_hafhala/need_to_do/mst_project/build/bin/test_mst_project)
==567323==    by 0x168CA2: ProactorTest_ThreadCleanup_Test::TestBody() (in /home/sibo/Desktop/Year_2_B/Maharahot_hafhala/need_to_do/mst_project/build/bin/test_mst_project)
==567323==    by 0x48D98E9: UnknownInlinedFun (gtest.cc:2638)
==567323==    by 0x48D98E9: void testing::internal::HandleExceptionsInMethodIfSupported<testing::Test, void>(testing::Test*, void (testing::Test::*)(), char const*) [clone .constprop.0] (gtest.cc:2674)
==567323==    by 0x48C516F: UnknownInlinedFun (gtest.cc:2713)
==567323==    by 0x48C516F: testing::Test::Run() (gtest.cc:2703)
==567323==    by 0x48C536E: testing::TestInfo::Run() (gtest.cc:2859)
==567323==    by 0x48C5553: UnknownInlinedFun (gtest.cc:3037)
==567323==    by 0x48C5553: testing::TestSuite::Run() (gtest.cc:2991)
==567323==    by 0x48D1708: testing::internal::UnitTestImpl::RunAllTests() (gtest.cc:5967)
==567323==    by 0x48D1D78: UnknownInlinedFun (gtest.cc:2638)
==567323==    by 0x48D1D78: UnknownInlinedFun (gtest.cc:2674)
==567323==    by 0x48D1D78: testing::UnitTest::Run() (gtest.cc:5546)
==567323==    by 0x48FB069: UnknownInlinedFun (gtest.h:2334)
==567323==    by 0x48FB069: main (gtest_main.cc:64)
==567323== 
==567323== 16 bytes in 2 blocks are definitely lost in loss record 2 of 6
==567323==    at 0x4844F93: operator new(unsigned long) (vg_replace_malloc.c:487)
==567323==    by 0x14A9F5: Proactor::run(int, std::function<void (int)>) (in /home/sibo/Desktop/Year_2_B/Maharahot_hafhala/need_to_do/mst_project/build/bin/test_mst_project)
==567323==    by 0x168D33: ProactorTest_ThreadCleanup_Test::TestBody() (in /home/sibo/Desktop/Year_2_B/Maharahot_hafhala/need_to_do/mst_project/build/bin/test_mst_project)
==567323==    by 0x48D98E9: UnknownInlinedFun (gtest.cc:2638)
==567323==    by 0x48D98E9: void testing::internal::HandleExceptionsInMethodIfSupported<testing::Test, void>(testing::Test*, void (testing::Test::*)(), char const*) [clone .constprop.0] (gtest.cc:2674)
==567323==    by 0x48C516F: UnknownInlinedFun (gtest.cc:2713)
==567323==    by 0x48C516F: testing::Test::Run() (gtest.cc:2703)
==567323==    by 0x48C536E: testing::TestInfo::Run() (gtest.cc:2859)
==567323==    by 0x48C5553: UnknownInlinedFun (gtest.cc:3037)
==567323==    by 0x48C5553: testing::TestSuite::Run() (gtest.cc:2991)
==567323==    by 0x48D1708: testing::internal::UnitTestImpl::RunAllTests() (gtest.cc:5967)
==567323==    by 0x48D1D78: UnknownInlinedFun (gtest.cc:2638)
==567323==    by 0x48D1D78: UnknownInlinedFun (gtest.cc:2674)
==567323==    by 0x48D1D78: testing::UnitTest::Run() (gtest.cc:5546)
==567323==    by 0x48FB069: UnknownInlinedFun (gtest.h:2334)
==567323==    by 0x48FB069: main (gtest_main.cc:64)
==567323== 
==567323== 32 bytes in 1 blocks are still reachable in loss record 3 of 6
==567323==    at 0x4844F93: operator new(unsigned long) (vg_replace_malloc.c:487)
==567323==    by 0x14B14F: std::thread::thread<void (Proactor::*)(), Proactor*, void>(void (Proactor::*&&)(), Proactor*&&) (in /home/sibo/Desktop/Year_2_B/Maharahot_hafhala/need_to_do/mst_project/build/bin/test_mst_project)
==567323==    by 0x14AA2C: Proactor::run(int, std::function<void (int)>) (in /home/sibo/Desktop/Year_2_B/Maharahot_hafhala/need_to_do/mst_project/build/bin/test_mst_project)
==567323==    by 0x168CA2: ProactorTest_ThreadCleanup_Test::TestBody() (in /home/sibo/Desktop/Year_2_B/Maharahot_hafhala/need_to_do/mst_project/build/bin/test_mst_project)
==567323==    by 0x48D98E9: UnknownInlinedFun (gtest.cc:2638)
==567323==    by 0x48D98E9: void testing::internal::HandleExceptionsInMethodIfSupported<testing::Test, void>(testing::Test*, void (testing::Test::*)(), char const*) [clone .constprop.0] (gtest.cc:2674)
==567323==    by 0x48C516F: UnknownInlinedFun (gtest.cc:2713)
==567323==    by 0x48C516F: testing::Test::Run() (gtest.cc:2703)
==567323==    by 0x48C536E: testing::TestInfo::Run() (gtest.cc:2859)
==567323==    by 0x48C5553: UnknownInlinedFun (gtest.cc:3037)
==567323==    by 0x48C5553: testing::TestSuite::Run() (gtest.cc:2991)
==567323==    by 0x48D1708: testing::internal::UnitTestImpl::RunAllTests() (gtest.cc:5967)
==567323==    by 0x48D1D78: UnknownInlinedFun (gtest.cc:2638)
==567323==    by 0x48D1D78: UnknownInlinedFun (gtest.cc:2674)
==567323==    by 0x48D1D78: testing::UnitTest::Run() (gtest.cc:5546)
==567323==    by 0x48FB069: UnknownInlinedFun (gtest.h:2334)
==567323==    by 0x48FB069: main (gtest_main.cc:64)
==567323== 
==567323== 64 bytes in 2 blocks are still reachable in loss record 4 of 6
==567323==    at 0x4844F93: operator new(unsigned long) (vg_replace_malloc.c:487)
==567323==    by 0x14B14F: std::thread::thread<void (Proactor::*)(), Proactor*, void>(void (Proactor::*&&)(), Proactor*&&) (in /home/sibo/Desktop/Year_2_B/Maharahot_hafhala/need_to_do/mst_project/build/bin/test_mst_project)
==567323==    by 0x14AA2C: Proactor::run(int, std::function<void (int)>) (in /home/sibo/Desktop/Year_2_B/Maharahot_hafhala/need_to_do/mst_project/build/bin/test_mst_project)
==567323==    by 0x168D33: ProactorTest_ThreadCleanup_Test::TestBody() (in /home/sibo/Desktop/Year_2_B/Maharahot_hafhala/need_to_do/mst_project/build/bin/test_mst_project)
==567323==    by 0x48D98E9: UnknownInlinedFun (gtest.cc:2638)
==567323==    by 0x48D98E9: void testing::internal::HandleExceptionsInMethodIfSupported<testing::Test, void>(testing::Test*, void (testing::Test::*)(), char const*) [clone .constprop.0] (gtest.cc:2674)
==567323==    by 0x48C516F: UnknownInlinedFun (gtest.cc:2713)
==567323==    by 0x48C516F: testing::Test::Run() (gtest.cc:2703)
==567323==    by 0x48C536E: testing::TestInfo::Run() (gtest.cc:2859)
==567323==    by 0x48C5553: UnknownInlinedFun (gtest.cc:3037)
==567323==    by 0x48C5553: testing::TestSuite::Run() (gtest.cc:2991)
==567323==    by 0x48D1708: testing::internal::UnitTestImpl::RunAllTests() (gtest.cc:5967)
==567323==    by 0x48D1D78: UnknownInlinedFun (gtest.cc:2638)
==567323==    by 0x48D1D78: UnknownInlinedFun (gtest.cc:2674)
==567323==    by 0x48D1D78: testing::UnitTest::Run() (gtest.cc:5546)
==567323==    by 0x48FB069: UnknownInlinedFun (gtest.h:2334)
==567323==    by 0x48FB069: main (gtest_main.cc:64)
==567323== 
==567323== 304 bytes in 1 blocks are possibly lost in loss record 5 of 6
==567323==    at 0x484BC13: calloc (vg_replace_malloc.c:1675)
==567323==    by 0x4011003: calloc (rtld-malloc.h:44)
==567323==    by 0x4011003: allocate_dtv (dl-tls.c:395)
==567323==    by 0x4011AE1: _dl_allocate_tls (dl-tls.c:664)
==567323==    by 0x4D38F14: allocate_stack (allocatestack.c:429)
==567323==    by 0x4D38F14: pthread_create@@GLIBC_2.34 (pthread_create.c:655)
==567323==    by 0x49E0D31: __gthread_create (gthr-default.h:676)
==567323==    by 0x49E0D31: std::thread::_M_start_thread(std::unique_ptr<std::thread::_State, std::default_delete<std::thread::_State> >, void (*)()) (thread.cc:172)
==567323==    by 0x1463C0: std::thread::thread<Pipeline::start()::{lambda()#1}, , void>(Pipeline::start()::{lambda()#1}&&) (in /home/sibo/Desktop/Year_2_B/Maharahot_hafhala/need_to_do/mst_project/build/bin/test_mst_project)
==567323==    by 0x145B4B: Pipeline::start() (in /home/sibo/Desktop/Year_2_B/Maharahot_hafhala/need_to_do/mst_project/build/bin/test_mst_project)
==567323==    by 0x159126: PipelineTest_StartAndStop_Test::TestBody() (in /home/sibo/Desktop/Year_2_B/Maharahot_hafhala/need_to_do/mst_project/build/bin/test_mst_project)
==567323==    by 0x48D98E9: UnknownInlinedFun (gtest.cc:2638)
==567323==    by 0x48D98E9: void testing::internal::HandleExceptionsInMethodIfSupported<testing::Test, void>(testing::Test*, void (testing::Test::*)(), char const*) [clone .constprop.0] (gtest.cc:2674)
==567323==    by 0x48C516F: UnknownInlinedFun (gtest.cc:2713)
==567323==    by 0x48C516F: testing::Test::Run() (gtest.cc:2703)
==567323==    by 0x48C536E: testing::TestInfo::Run() (gtest.cc:2859)
==567323==    by 0x48C5553: UnknownInlinedFun (gtest.cc:3037)
==567323==    by 0x48C5553: testing::TestSuite::Run() (gtest.cc:2991)
==567323== 
==567323== 608 bytes in 2 blocks are possibly lost in loss record 6 of 6
==567323==    at 0x484BC13: calloc (vg_replace_malloc.c:1675)
==567323==    by 0x4011003: calloc (rtld-malloc.h:44)
==567323==    by 0x4011003: allocate_dtv (dl-tls.c:395)
==567323==    by 0x4011AE1: _dl_allocate_tls (dl-tls.c:664)
==567323==    by 0x4D38F14: allocate_stack (allocatestack.c:429)
==567323==    by 0x4D38F14: pthread_create@@GLIBC_2.34 (pthread_create.c:655)
==567323==    by 0x49E0D31: __gthread_create (gthr-default.h:676)
==567323==    by 0x49E0D31: std::thread::_M_start_thread(std::unique_ptr<std::thread::_State, std::default_delete<std::thread::_State> >, void (*)()) (thread.cc:172)
==567323==    by 0x14B2C2: std::thread::thread<std::function<void (int)>&, int&, void>(std::function<void (int)>&, int&) (in /home/sibo/Desktop/Year_2_B/Maharahot_hafhala/need_to_do/mst_project/build/bin/test_mst_project)
==567323==    by 0x14AC94: Proactor::workerThread() (in /home/sibo/Desktop/Year_2_B/Maharahot_hafhala/need_to_do/mst_project/build/bin/test_mst_project)
==567323==    by 0x14D360: void std::__invoke_impl<void, void (Proactor::*)(), Proactor*>(std::__invoke_memfun_deref, void (Proactor::*&&)(), Proactor*&&) (in /home/sibo/Desktop/Year_2_B/Maharahot_hafhala/need_to_do/mst_project/build/bin/test_mst_project)
==567323==    by 0x14D258: std::__invoke_result<void (Proactor::*)(), Proactor*>::type std::__invoke<void (Proactor::*)(), Proactor*>(void (Proactor::*&&)(), Proactor*&&) (in /home/sibo/Desktop/Year_2_B/Maharahot_hafhala/need_to_do/mst_project/build/bin/test_mst_project)
==567323==    by 0x14D138: void std::thread::_Invoker<std::tuple<void (Proactor::*)(), Proactor*> >::_M_invoke<0ul, 1ul>(std::_Index_tuple<0ul, 1ul>) (in /home/sibo/Desktop/Year_2_B/Maharahot_hafhala/need_to_do/mst_project/build/bin/test_mst_project)
==567323==    by 0x14D0A7: std::thread::_Invoker<std::tuple<void (Proactor::*)(), Proactor*> >::operator()() (in /home/sibo/Desktop/Year_2_B/Maharahot_hafhala/need_to_do/mst_project/build/bin/test_mst_project)
==567323==    by 0x14D06F: std::thread::_State_impl<std::thread::_Invoker<std::tuple<void (Proactor::*)(), Proactor*> > >::_M_run() (in /home/sibo/Desktop/Year_2_B/Maharahot_hafhala/need_to_do/mst_project/build/bin/test_mst_project)
==567323== 
==567323== LEAK SUMMARY:
==567323==    definitely lost: 24 bytes in 3 blocks
==567323==    indirectly lost: 0 bytes in 0 blocks
==567323==      possibly lost: 912 bytes in 3 blocks
==567323==    still reachable: 96 bytes in 3 blocks
==567323==         suppressed: 0 bytes in 0 blocks
==567323== 
==567323== ERROR SUMMARY: 6 errors from 5 contexts (suppressed: 0 from 0)
==567323== 
==567323== 2 errors in context 1 of 5:
==567323== Thread 4:
==567323== Invalid read of size 4
==567323==    at 0x14ABD9: Proactor::workerThread() (in /home/sibo/Desktop/Year_2_B/Maharahot_hafhala/need_to_do/mst_project/build/bin/test_mst_project)
==567323==    by 0x14D360: void std::__invoke_impl<void, void (Proactor::*)(), Proactor*>(std::__invoke_memfun_deref, void (Proactor::*&&)(), Proactor*&&) (in /home/sibo/Desktop/Year_2_B/Maharahot_hafhala/need_to_do/mst_project/build/bin/test_mst_project)
==567323==    by 0x14D258: std::__invoke_result<void (Proactor::*)(), Proactor*>::type std::__invoke<void (Proactor::*)(), Proactor*>(void (Proactor::*&&)(), Proactor*&&) (in /home/sibo/Desktop/Year_2_B/Maharahot_hafhala/need_to_do/mst_project/build/bin/test_mst_project)
==567323==    by 0x14D138: void std::thread::_Invoker<std::tuple<void (Proactor::*)(), Proactor*> >::_M_invoke<0ul, 1ul>(std::_Index_tuple<0ul, 1ul>) (in /home/sibo/Desktop/Year_2_B/Maharahot_hafhala/need_to_do/mst_project/build/bin/test_mst_project)
==567323==    by 0x14D0A7: std::thread::_Invoker<std::tuple<void (Proactor::*)(), Proactor*> >::operator()() (in /home/sibo/Desktop/Year_2_B/Maharahot_hafhala/need_to_do/mst_project/build/bin/test_mst_project)
==567323==    by 0x14D06F: std::thread::_State_impl<std::thread::_Invoker<std::tuple<void (Proactor::*)(), Proactor*> > >::_M_run() (in /home/sibo/Desktop/Year_2_B/Maharahot_hafhala/need_to_do/mst_project/build/bin/test_mst_project)
==567323==    by 0x49E0C33: execute_native_thread_routine (thread.cc:104)
==567323==    by 0x4D3839C: start_thread (pthread_create.c:447)
==567323==    by 0x4DBD2A3: clone (clone.S:100)
==567323==  Address 0x4ede1a8 is 200 bytes inside a block of size 248 free'd
==567323==    at 0x48488DD: operator delete(void*, unsigned long) (vg_replace_malloc.c:1181)
==567323==    by 0x16B494: std::default_delete<Proactor>::operator()(Proactor*) const (in /home/sibo/Desktop/Year_2_B/Maharahot_hafhala/need_to_do/mst_project/build/bin/test_mst_project)
==567323==    by 0x16AF15: std::unique_ptr<Proactor, std::default_delete<Proactor> >::~unique_ptr() (in /home/sibo/Desktop/Year_2_B/Maharahot_hafhala/need_to_do/mst_project/build/bin/test_mst_project)
==567323==    by 0x16BDDB: ProactorTest::~ProactorTest() (in /home/sibo/Desktop/Year_2_B/Maharahot_hafhala/need_to_do/mst_project/build/bin/test_mst_project)
==567323==    by 0x16BE3D: ProactorTest_ThreadCleanup_Test::~ProactorTest_ThreadCleanup_Test() (in /home/sibo/Desktop/Year_2_B/Maharahot_hafhala/need_to_do/mst_project/build/bin/test_mst_project)
==567323==    by 0x16BE59: ProactorTest_ThreadCleanup_Test::~ProactorTest_ThreadCleanup_Test() (in /home/sibo/Desktop/Year_2_B/Maharahot_hafhala/need_to_do/mst_project/build/bin/test_mst_project)
==567323==    by 0x48D98E9: UnknownInlinedFun (gtest.cc:2638)
==567323==    by 0x48D98E9: void testing::internal::HandleExceptionsInMethodIfSupported<testing::Test, void>(testing::Test*, void (testing::Test::*)(), char const*) [clone .constprop.0] (gtest.cc:2674)
==567323==    by 0x48C52ED: testing::TestInfo::Run() (gtest.cc:2865)
==567323==    by 0x48C5553: UnknownInlinedFun (gtest.cc:3037)
==567323==    by 0x48C5553: testing::TestSuite::Run() (gtest.cc:2991)
==567323==    by 0x48D1708: testing::internal::UnitTestImpl::RunAllTests() (gtest.cc:5967)
==567323==    by 0x48D1D78: UnknownInlinedFun (gtest.cc:2638)
==567323==    by 0x48D1D78: UnknownInlinedFun (gtest.cc:2674)
==567323==    by 0x48D1D78: testing::UnitTest::Run() (gtest.cc:5546)
==567323==    by 0x48FB069: UnknownInlinedFun (gtest.h:2334)
==567323==    by 0x48FB069: main (gtest_main.cc:64)
==567323==  Block was alloc'd at
==567323==    at 0x4844F93: operator new(unsigned long) (vg_replace_malloc.c:487)
==567323==    by 0x16AE6D: std::__detail::_MakeUniq<Proactor>::__single_object std::make_unique<Proactor>() (in /home/sibo/Desktop/Year_2_B/Maharahot_hafhala/need_to_do/mst_project/build/bin/test_mst_project)
==567323==    by 0x16A9B3: ProactorTest::SetUp() (in /home/sibo/Desktop/Year_2_B/Maharahot_hafhala/need_to_do/mst_project/build/bin/test_mst_project)
==567323==    by 0x48D98E9: UnknownInlinedFun (gtest.cc:2638)
==567323==    by 0x48D98E9: void testing::internal::HandleExceptionsInMethodIfSupported<testing::Test, void>(testing::Test*, void (testing::Test::*)(), char const*) [clone .constprop.0] (gtest.cc:2674)
==567323==    by 0x48C50F2: UnknownInlinedFun (gtest.cc:2708)
==567323==    by 0x48C50F2: testing::Test::Run() (gtest.cc:2703)
==567323==    by 0x48C536E: testing::TestInfo::Run() (gtest.cc:2859)
==567323==    by 0x48C5553: UnknownInlinedFun (gtest.cc:3037)
==567323==    by 0x48C5553: testing::TestSuite::Run() (gtest.cc:2991)
==567323==    by 0x48D1708: testing::internal::UnitTestImpl::RunAllTests() (gtest.cc:5967)
==567323==    by 0x48D1D78: UnknownInlinedFun (gtest.cc:2638)
==567323==    by 0x48D1D78: UnknownInlinedFun (gtest.cc:2674)
==567323==    by 0x48D1D78: testing::UnitTest::Run() (gtest.cc:5546)
==567323==    by 0x48FB069: UnknownInlinedFun (gtest.h:2334)
==567323==    by 0x48FB069: main (gtest_main.cc:64)
==567323== 
==567323== ERROR SUMMARY: 6 errors from 5 contexts (suppressed: 0 from 0)
