==1317876== Memcheck, a memory error detector
==1317876== Copyright (C) 2002-2024, and GNU GPL'd, by Julian Seward et al.
==1317876== Using Valgrind-3.23.0-c54d316124-20240426 and LibVEX; rerun with -h for copyright info
==1317876== Command: build/bin/test_mst_project
==1317876== Parent PID: 1317699
==1317876== 
--1317876-- 
--1317876-- Valgrind options:
--1317876--    --leak-check=full
--1317876--    --show-leak-kinds=all
--1317876--    --track-origins=yes
--1317876--    --verbose
--1317876--    --log-file=build/memcheck/memcheck.log
--1317876-- Contents of /proc/version:
--1317876--   Linux version 6.10.9-arch1-2 (linux@archlinux) (gcc (GCC) 14.2.1 20240910, GNU ld (GNU Binutils) 2.43.0) #1 SMP PREEMPT_DYNAMIC Tue, 10 Sep 2024 14:37:32 +0000
--1317876-- 
--1317876-- Arch and hwcaps: AMD64, LittleEndian, amd64-cx16-lzcnt-rdtscp-sse3-ssse3-avx-avx2-bmi-f16c-rdrand-rdseed-fma
--1317876-- Page sizes: currently 4096, max supported 4096
--1317876-- Valgrind library directory: /usr/lib/valgrind
--1317876-- Reading syms from /home/sibo/Desktop/Year_2_B/Maharahot_hafhala/need_to_do/mst_project/build/bin/test_mst_project
--1317876-- Reading syms from /usr/lib/ld-linux-x86-64.so.2
==1317876== Downloading debug info for /usr/lib/ld-linux-x86-64.so.2...
--1317876--   Considering /home/sibo/.cache/debuginfod_client/1eb3b3e47bd3d9034ef4bd4ede577a26bcc6dcc6/debuginfo ..
--1317876--   .. CRC is valid
==1317876== Successfully downloaded debug file for /usr/lib/ld-linux-x86-64.so.2
--1317876-- Reading syms from /usr/lib/valgrind/memcheck-amd64-linux
--1317876--    object doesn't have a dynamic symbol table
--1317876-- Scheduler: using generic scheduler lock implementation.
--1317876-- Reading suppressions file: /usr/lib/valgrind/default.supp
==1317876== embedded gdbserver: reading from /tmp/vgdb-pipe-from-vgdb-to-1317876-by-sibo-on-???
==1317876== embedded gdbserver: writing to   /tmp/vgdb-pipe-to-vgdb-from-1317876-by-sibo-on-???
==1317876== embedded gdbserver: shared mem   /tmp/vgdb-pipe-shared-mem-vgdb-1317876-by-sibo-on-???
==1317876== 
==1317876== TO CONTROL THIS PROCESS USING vgdb (which you probably
==1317876== don't want to do, unless you know exactly what you're doing,
==1317876== or are doing some strange experiment):
==1317876==   /usr/lib/valgrind/../../bin/vgdb --pid=1317876 ...command...
==1317876== 
==1317876== TO DEBUG THIS PROCESS USING GDB: start GDB like this
==1317876==   /path/to/gdb build/bin/test_mst_project
==1317876== and then give GDB the following command
==1317876==   target remote | /usr/lib/valgrind/../../bin/vgdb --pid=1317876
==1317876== --pid is optional if only one valgrind process is running
==1317876== 
==1317876== Downloading debug info for /usr/lib/valgrind/memcheck-amd64-linux...
--1317876--   Considering /home/sibo/.cache/debuginfod_client/4d2d511b631f05d8d4ca87b5d6cbe5816ee8c7cf/debuginfo ..
--1317876--   .. CRC is valid
==1317876== Successfully downloaded debug file for /usr/lib/valgrind/memcheck-amd64-linux
--1317876-- Warning: cross-CU LIMITATION: some inlined fn names
--1317876-- might be shown as UnknownInlinedFun
--1317876-- REDIR: 0x40270e0 (ld-linux-x86-64.so.2:strlen) redirected to 0x5821c154 (vgPlain_amd64_linux_REDIR_FOR_strlen)
--1317876-- REDIR: 0x4025aa0 (ld-linux-x86-64.so.2:strcmp) redirected to 0x5821c16e (vgPlain_amd64_linux_REDIR_FOR_strcmp)
--1317876-- REDIR: 0x4025870 (ld-linux-x86-64.so.2:index) redirected to 0x5821c189 (vgPlain_amd64_linux_REDIR_FOR_index)
--1317876-- Reading syms from /usr/lib/valgrind/vgpreload_core-amd64-linux.so
--1317876-- Reading syms from /usr/lib/valgrind/vgpreload_memcheck-amd64-linux.so
==1317876== WARNING: new redirection conflicts with existing -- ignoring it
--1317876--     old: 0x04025aa0 (strcmp              ) R-> (0000.0) 0x5821c16e vgPlain_amd64_linux_REDIR_FOR_strcmp
==1317876== Downloading debug info for /usr/lib/valgrind/vgpreload_memcheck-amd64-linux.so...
--1317876--   Considering /home/sibo/.cache/debuginfod_client/f70c4c5c28cf3c78e2c902057189c62680dab783/debuginfo ..
--1317876--   .. CRC is valid
==1317876== Successfully downloaded debug file for /usr/lib/valgrind/vgpreload_memcheck-amd64-linux.so
--1317876--     new: 0x04025aa0 (strcmp              ) R-> (2016.0) 0x0484ef10 strcmp
==1317876== WARNING: new redirection conflicts with existing -- ignoring it
--1317876--     old: 0x040270e0 (strlen              ) R-> (0000.0) 0x5821c154 vgPlain_amd64_linux_REDIR_FOR_strlen
--1317876--     new: 0x040270e0 (strlen              ) R-> (2007.0) 0x0484db80 strlen
--1317876-- REDIR: 0x4024ed0 (ld-linux-x86-64.so.2:mempcpy) redirected to 0x4853660 (mempcpy)
--1317876-- Reading syms from /usr/lib/libgtest.so.1.15.2
--1317876-- Reading syms from /usr/lib/libgtest_main.so.1.15.2
--1317876-- Reading syms from /usr/lib/libstdc++.so.6.0.33
--1317876-- Reading syms from /usr/lib/libm.so.6
--1317876-- Reading syms from /usr/lib/libgcc_s.so.1
--1317876-- Reading syms from /usr/lib/libc.so.6
==1317876== Downloading debug info for /usr/lib/libc.so.6...
--1317876--   Considering /home/sibo/.cache/debuginfod_client/98b3d8e0b8c534c769cb871c438b4f8f3a8e4bf3/debuginfo ..
--1317876--   .. CRC is valid
==1317876== Successfully downloaded debug file for /usr/lib/libc.so.6
--1317876-- REDIR: 0x4027280 (ld-linux-x86-64.so.2:strncmp) redirected to 0x484e680 (strncmp)
==1317876== Downloading debug info for /usr/lib/valgrind/vgpreload_core-amd64-linux.so...
--1317876--   Considering /home/sibo/.cache/debuginfod_client/9ed1c3d295eaf28d9c2cf4c3a6480938496dcc90/debuginfo ..
--1317876--   .. CRC is valid
==1317876== Successfully downloaded debug file for /usr/lib/valgrind/vgpreload_core-amd64-linux.so
--1317876-- REDIR: 0x4d50710 (libc.so.6:strncasecmp) redirected to 0x48391a0 (_vgnU_ifunc_wrapper)
--1317876-- REDIR: 0x4d4d860 (libc.so.6:mempcpy) redirected to 0x48391a0 (_vgnU_ifunc_wrapper)
--1317876-- REDIR: 0x4d64010 (libc.so.6:wcpncpy) redirected to 0x48391a0 (_vgnU_ifunc_wrapper)
--1317876-- REDIR: 0x4d4dbc0 (libc.so.6:stpcpy) redirected to 0x48391a0 (_vgnU_ifunc_wrapper)
--1317876-- REDIR: 0x4dca060 (libc.so.6:__memmove_chk) redirected to 0x48391a0 (_vgnU_ifunc_wrapper)
--1317876-- REDIR: 0x4d72880 (libc.so.6:wmemcmp) redirected to 0x48391a0 (_vgnU_ifunc_wrapper)
--1317876-- REDIR: 0x4d4e890 (libc.so.6:strcat) redirected to 0x48391a0 (_vgnU_ifunc_wrapper)
--1317876-- REDIR: 0x4d4ceb0 (libc.so.6:memcpy@@GLIBC_2.14) redirected to 0x48391a0 (_vgnU_ifunc_wrapper)
--1317876-- REDIR: 0x4d65ec0 (libc.so.6:wcsncpy) redirected to 0x48391a0 (_vgnU_ifunc_wrapper)
--1317876-- REDIR: 0x4dc9f40 (libc.so.6:__memcpy_chk) redirected to 0x48391a0 (_vgnU_ifunc_wrapper)
==1317876== WARNING: new redirection conflicts with existing -- ignoring it
--1317876--     old: 0x04e105d0 (__memcpy_chk_avx_una) R-> (2024.0) 0x04853070 __memmove_chk
--1317876--     new: 0x04e105d0 (__memcpy_chk_avx_una) R-> (2030.0) 0x04853770 __memcpy_chk
--1317876-- REDIR: 0x4d65610 (libc.so.6:wcslen) redirected to 0x48391a0 (_vgnU_ifunc_wrapper)
--1317876-- REDIR: 0x4d4da10 (libc.so.6:memset) redirected to 0x48391a0 (_vgnU_ifunc_wrapper)
--1317876-- REDIR: 0x4d65f20 (libc.so.6:wcsnlen) redirected to 0x48391a0 (_vgnU_ifunc_wrapper)
--1317876-- REDIR: 0x4d50a10 (libc.so.6:strnlen) redirected to 0x48391a0 (_vgnU_ifunc_wrapper)
--1317876-- REDIR: 0x4d50aa0 (libc.so.6:strpbrk) redirected to 0x48391a0 (_vgnU_ifunc_wrapper)
--1317876-- REDIR: 0x4d4ea10 (libc.so.6:strcmp) redirected to 0x48391a0 (_vgnU_ifunc_wrapper)
--1317876-- REDIR: 0x4d4d980 (libc.so.6:memrchr) redirected to 0x48391a0 (_vgnU_ifunc_wrapper)
--1317876-- REDIR: 0x4d64400 (libc.so.6:wcschr) redirected to 0x48391a0 (_vgnU_ifunc_wrapper)
--1317876-- REDIR: 0x4d4e900 (libc.so.6:index) redirected to 0x48391a0 (_vgnU_ifunc_wrapper)
--1317876-- REDIR: 0x4d50ad0 (libc.so.6:rindex) redirected to 0x48391a0 (_vgnU_ifunc_wrapper)
--1317876-- REDIR: 0x4d644b0 (libc.so.6:wcscmp) redirected to 0x48391a0 (_vgnU_ifunc_wrapper)
--1317876-- REDIR: 0x4d4dc30 (libc.so.6:stpncpy) redirected to 0x48391a0 (_vgnU_ifunc_wrapper)
--1317876-- REDIR: 0x4d72800 (libc.so.6:wmemchr) redirected to 0x48391a0 (_vgnU_ifunc_wrapper)
--1317876-- REDIR: 0x4d508b0 (libc.so.6:strncmp) redirected to 0x48391a0 (_vgnU_ifunc_wrapper)
--1317876-- REDIR: 0x4d4dc90 (libc.so.6:strcasecmp) redirected to 0x48391a0 (_vgnU_ifunc_wrapper)
--1317876-- REDIR: 0x4d4fc90 (libc.so.6:strcspn) redirected to 0x48391a0 (_vgnU_ifunc_wrapper)
--1317876-- REDIR: 0x4d653e0 (libc.so.6:wcscpy) redirected to 0x48391a0 (_vgnU_ifunc_wrapper)
--1317876-- REDIR: 0x4d507b0 (libc.so.6:strncasecmp_l) redirected to 0x48391a0 (_vgnU_ifunc_wrapper)
--1317876-- REDIR: 0x4d4e980 (libc.so.6:strchrnul) redirected to 0x48391a0 (_vgnU_ifunc_wrapper)
--1317876-- REDIR: 0x4d4cdc0 (libc.so.6:bcmp) redirected to 0x48391a0 (_vgnU_ifunc_wrapper)
--1317876-- REDIR: 0x4d4fc20 (libc.so.6:strcpy) redirected to 0x48391a0 (_vgnU_ifunc_wrapper)
--1317876-- REDIR: 0x4d4dd30 (libc.so.6:strcasecmp_l) redirected to 0x48391a0 (_vgnU_ifunc_wrapper)
--1317876-- REDIR: 0x4d50680 (libc.so.6:strlen) redirected to 0x48391a0 (_vgnU_ifunc_wrapper)
--1317876-- REDIR: 0x4d50950 (libc.so.6:strncpy) redirected to 0x48391a0 (_vgnU_ifunc_wrapper)
--1317876-- REDIR: 0x4d4d740 (libc.so.6:memmove) redirected to 0x48391a0 (_vgnU_ifunc_wrapper)
==1317876== Preferring higher priority redirection:
--1317876--     old: 0x04e10600 (__memcpy_avx_unalign) R-> (2018.0) 0x048505e0 __memcpy_avx_unaligned_erms
--1317876--     new: 0x04e10600 (__memcpy_avx_unalign) R-> (2018.1) 0x04852370 memmove
--1317876-- REDIR: 0x4d4cd40 (libc.so.6:memchr) redirected to 0x48391a0 (_vgnU_ifunc_wrapper)
--1317876-- REDIR: 0x4d50ca0 (libc.so.6:strspn) redirected to 0x48391a0 (_vgnU_ifunc_wrapper)
==1317876== WARNING: new redirection conflicts with existing -- ignoring it
--1317876--     old: 0x04e105d0 (__memcpy_chk_avx_una) R-> (2024.0) 0x04853070 __memmove_chk
--1317876--     new: 0x04e105d0 (__memcpy_chk_avx_una) R-> (2030.0) 0x04853770 __memcpy_chk
--1317876-- REDIR: 0x4d515f0 (libc.so.6:strstr) redirected to 0x48391a0 (_vgnU_ifunc_wrapper)
--1317876-- REDIR: 0x4e15230 (libc.so.6:__strrchr_avx2) redirected to 0x484d360 (rindex)
--1317876-- REDIR: 0x4e13380 (libc.so.6:__strlen_avx2) redirected to 0x484da60 (strlen)
--1317876-- REDIR: 0x4e0fea0 (libc.so.6:__memcmp_avx2_movbe) redirected to 0x4851960 (bcmp)
--1317876-- REDIR: 0x4e14460 (libc.so.6:__strncmp_avx2) redirected to 0x484e4a0 (strncmp)
--1317876-- REDIR: 0x4d48e50 (libc.so.6:malloc) redirected to 0x4844730 (malloc)
--1317876-- REDIR: 0x49ad720 (libstdc++.so.6:operator new(unsigned long)) redirected to 0x4844f20 (operator new(unsigned long))
==1317876== Downloading debug info for /usr/lib/libgtest.so.1.15.2...
--1317876--   Considering /home/sibo/.cache/debuginfod_client/62d9293f61630ae1ad1ef5ce09bf7ebf647d4d43/debuginfo ..
--1317876--   .. CRC is valid
==1317876== Successfully downloaded debug file for /usr/lib/libgtest.so.1.15.2
--1317876-- REDIR: 0x4e10600 (libc.so.6:__memcpy_avx_unaligned_erms) redirected to 0x4852370 (memmove)
--1317876-- REDIR: 0x49ab710 (libstdc++.so.6:operator delete(void*, unsigned long)) redirected to 0x48487f0 (operator delete(void*, unsigned long))
--1317876-- REDIR: 0x49ab700 (libstdc++.so.6:operator delete(void*)) redirected to 0x4848340 (operator delete(void*))
--1317876-- REDIR: 0x4e11000 (libc.so.6:__memset_avx2_unaligned_erms) redirected to 0x4852230 (memset)
--1317876-- REDIR: 0x4e0fc00 (libc.so.6:__memchr_avx2) redirected to 0x484efd0 (memchr)
--1317876-- REDIR: 0x4e127a0 (libc.so.6:__strchr_avx2) redirected to 0x484d5a0 (index)
--1317876-- REDIR: 0x4e12bd0 (libc.so.6:__strcmp_avx2) redirected to 0x484eda0 (strcmp)
--1317876-- REDIR: 0x4e11a80 (libc.so.6:__strcasecmp_avx2) redirected to 0x484e6e0 (strcasecmp)
--1317876-- REDIR: 0x4e129e0 (libc.so.6:__strchrnul_avx2) redirected to 0x48530f0 (strchrnul)
--1317876-- REDIR: 0x4e105c0 (libc.so.6:__mempcpy_avx_unaligned_erms) redirected to 0x4853220 (mempcpy)
--1317876-- REDIR: 0x49ad770 (libstdc++.so.6:operator new(unsigned long, std::nothrow_t const&)) redirected to 0x4845970 (operator new(unsigned long, std::nothrow_t const&))
--1317876-- REDIR: 0x4d49ed0 (libc.so.6:calloc) redirected to 0x484bb60 (calloc)
--1317876-- REDIR: 0x4d49550 (libc.so.6:free) redirected to 0x4847880 (free)
==1317876== 
==1317876== HEAP SUMMARY:
==1317876==     in use at exit: 0 bytes in 0 blocks
==1317876==   total heap usage: 1,534 allocs, 1,534 frees, 206,615 bytes allocated
==1317876== 
==1317876== All heap blocks were freed -- no leaks are possible
==1317876== 
==1317876== ERROR SUMMARY: 0 errors from 0 contexts (suppressed: 0 from 0)
